{
  "stats": {
    "suites": 1,
    "tests": 1,
    "passes": 1,
    "pending": 0,
    "failures": 0,
    "start": "2024-07-24T05:57:34.370Z",
    "end": "2024-07-24T05:57:41.030Z",
    "duration": 6660,
    "testsRegistered": 1,
    "passPercent": 100,
    "pendingPercent": 0,
    "other": 0,
    "hasOther": false,
    "skipped": 0,
    "hasSkipped": false
  },
  "results": [
    {
      "uuid": "b3953d0d-2289-4f08-8537-7f2b45f0ecfd",
      "title": "",
      "fullFile": "cypress/e2e/examples/11-FakeTest2.cy.js",
      "file": "cypress/e2e/examples/11-FakeTest2.cy.js",
      "beforeHooks": [],
      "afterHooks": [],
      "tests": [],
      "suites": [
        {
          "uuid": "c9e154a1-c46e-4b93-abf3-5e5eb4ee03eb",
          "title": "My Fake Test Suite",
          "fullFile": "",
          "file": "",
          "beforeHooks": [],
          "afterHooks": [],
          "tests": [
            {
              "title": "My FakeTest Case",
              "fullTitle": "My Fake Test Suite My FakeTest Case",
              "timedOut": null,
              "duration": 2822,
              "state": "passed",
              "speed": "fast",
              "pass": true,
              "fail": false,
              "pending": false,
              "context": "{\n  \"title\": \"cypress-mochawesome-reporter-videos-passed\",\n  \"value\": \"cypress/e2e/examples/11-FakeTest2.cy.js\"\n}",
              "code": "cy.visit(\"https://rahulshettyacademy.com/angularAppdemo\");\ncy.intercept('GET', 'https://rahulshettyacademy.com/Library/GetBook.php?AuthorName=shetty', function (req) {\n  req.url = \"https://rahulshettyacademy.com/Library/GetBook.php?AuthorName=malhotra\";\n  req[\"continue\"](function (res) {\n    // expect(res.statusCode).to.equal(403)\n  });\n}).as(\"dummyUrl\");\ncy.get('.btn-primary').click();\ncy.wait('@dummyUrl');\n// Length of the response array = rows of the table",
              "err": {},
              "uuid": "fbb520ba-c76b-4882-b2dc-267e3f576419",
              "parentUUID": "c9e154a1-c46e-4b93-abf3-5e5eb4ee03eb",
              "isHook": false,
              "skipped": false
            }
          ],
          "suites": [],
          "passes": [
            "fbb520ba-c76b-4882-b2dc-267e3f576419"
          ],
          "failures": [],
          "pending": [],
          "skipped": [],
          "duration": 2822,
          "root": false,
          "rootEmpty": false,
          "_timeout": 2000
        }
      ],
      "passes": [],
      "failures": [],
      "pending": [],
      "skipped": [],
      "duration": 0,
      "root": true,
      "rootEmpty": true,
      "_timeout": 2000
    }
  ],
  "meta": {
    "mocha": {
      "version": "7.0.1"
    },
    "mochawesome": {
      "options": {
        "quiet": false,
        "reportFilename": "mochawesome",
        "saveHtml": false,
        "saveJson": true,
        "consoleReporter": "spec",
        "useInlineDiffs": false,
        "code": true
      },
      "version": "7.1.3"
    },
    "marge": {
      "options": {
        "overwrite": false,
        "html": false,
        "json": true,
        "reportDir": "cypress/reports/html/.jsons"
      },
      "version": "6.2.0"
    }
  }
}