{
  "stats": {
    "suites": 1,
    "tests": 1,
    "passes": 1,
    "pending": 0,
    "failures": 0,
    "start": "2024-07-23T02:57:48.403Z",
    "end": "2024-07-23T02:57:56.810Z",
    "duration": 8407,
    "testsRegistered": 1,
    "passPercent": 100,
    "pendingPercent": 0,
    "other": 0,
    "hasOther": false,
    "skipped": 0,
    "hasSkipped": false
  },
  "results": [
    {
      "uuid": "1b6346b3-42cb-4a2e-86d8-c9a0bfbac581",
      "title": "",
      "fullFile": "cypress/e2e/examples/10-FakeTest.cy.js",
      "file": "cypress/e2e/examples/10-FakeTest.cy.js",
      "beforeHooks": [],
      "afterHooks": [],
      "tests": [],
      "suites": [
        {
          "uuid": "fe40aa52-7333-43b0-937c-f85d3574f8a4",
          "title": "My Fake Test Suite",
          "fullFile": "",
          "file": "",
          "beforeHooks": [],
          "afterHooks": [],
          "tests": [
            {
              "title": "My FakeTest Case",
              "fullTitle": "My Fake Test Suite My FakeTest Case",
              "timedOut": null,
              "duration": 3630,
              "state": "passed",
              "speed": "fast",
              "pass": true,
              "fail": false,
              "pending": false,
              "context": "{\n  \"title\": \"cypress-mochawesome-reporter-videos-passed\",\n  \"value\": \"cypress/e2e/examples/10-FakeTest.cy.js\"\n}",
              "code": "cy.visit(\"https://rahulshettyacademy.com/angularAppdemo\");\ncy.intercept({\n  // This is a Request Parameter\n  method: 'GET',\n  url: 'https://rahulshettyacademy.com/Library/GetBook.php?AuthorName=shetty'\n}, {\n  // This is a Response Parameter\n  statusCode: 200,\n  body: [{\n    \"book_name\": \"RestAssured with Java\",\n    \"isbn\": \"RSU\",\n    \"aisle\": \"2301\"\n  }]\n}).as('bookretrievals');\ncy.get('.btn-primary').click();\ncy.wait('@bookretrievals').then(function (_ref) {\n  var request = _ref.request,\n    response = _ref.response;\n  cy.get('tr').should('have.length', response.body.length + 1);\n});\ncy.get('p').should('have.text', 'Oops only 1 Book available');\n// Length of the response array = rows of the table",
              "err": {},
              "uuid": "8ed33c0e-4518-4a13-a85a-ec86e4ac5665",
              "parentUUID": "fe40aa52-7333-43b0-937c-f85d3574f8a4",
              "isHook": false,
              "skipped": false
            }
          ],
          "suites": [],
          "passes": [
            "8ed33c0e-4518-4a13-a85a-ec86e4ac5665"
          ],
          "failures": [],
          "pending": [],
          "skipped": [],
          "duration": 3630,
          "root": false,
          "rootEmpty": false,
          "_timeout": 2000
        }
      ],
      "passes": [],
      "failures": [],
      "pending": [],
      "skipped": [],
      "duration": 0,
      "root": true,
      "rootEmpty": true,
      "_timeout": 2000
    }
  ],
  "meta": {
    "mocha": {
      "version": "7.0.1"
    },
    "mochawesome": {
      "options": {
        "quiet": false,
        "reportFilename": "mochawesome",
        "saveHtml": false,
        "saveJson": true,
        "consoleReporter": "spec",
        "useInlineDiffs": false,
        "code": true
      },
      "version": "7.1.3"
    },
    "marge": {
      "options": {
        "overwrite": false,
        "html": false,
        "json": true,
        "reportDir": "cypress/reports/html/.jsons"
      },
      "version": "6.2.0"
    }
  }
}