{
  "stats": {
    "suites": 1,
    "tests": 1,
    "passes": 1,
    "pending": 0,
    "failures": 0,
    "start": "2024-07-17T01:07:22.593Z",
    "end": "2024-07-17T01:07:32.906Z",
    "duration": 10313,
    "testsRegistered": 1,
    "passPercent": 100,
    "pendingPercent": 0,
    "other": 0,
    "hasOther": false,
    "skipped": 0,
    "hasSkipped": false
  },
  "results": [
    {
      "uuid": "3d05b8b6-7a00-4579-b967-b05206fc7dee",
      "title": "",
      "fullFile": "cypress/e2e/examples/6-MouseOver.cy.js",
      "file": "cypress/e2e/examples/6-MouseOver.cy.js",
      "beforeHooks": [],
      "afterHooks": [],
      "tests": [],
      "suites": [
        {
          "uuid": "501dcb21-135e-417b-9c01-faea0bd430d5",
          "title": "My sixth Test",
          "fullFile": "",
          "file": "",
          "beforeHooks": [],
          "afterHooks": [],
          "tests": [
            {
              "title": "My 6th Test Case",
              "fullTitle": "My sixth Test My 6th Test Case",
              "timedOut": null,
              "duration": 7200,
              "state": "passed",
              "speed": "medium",
              "pass": true,
              "fail": false,
              "pending": false,
              "context": "{\n  \"title\": \"cypress-mochawesome-reporter-videos-passed\",\n  \"value\": \"cypress/e2e/examples/6-MouseOver.cy.js\"\n}",
              "code": "cy.visit(Cypress.env('url_test') + \"/AutomationPractice/\");\ncy.get('.mouse-hover-content').invoke('show');\ncy.contains('Top').click();\ncy.url().should('include', 'top');",
              "err": {},
              "uuid": "ee2b66b1-b13b-42ca-b107-72f6d2b4b794",
              "parentUUID": "501dcb21-135e-417b-9c01-faea0bd430d5",
              "isHook": false,
              "skipped": false
            }
          ],
          "suites": [],
          "passes": [
            "ee2b66b1-b13b-42ca-b107-72f6d2b4b794"
          ],
          "failures": [],
          "pending": [],
          "skipped": [],
          "duration": 7200,
          "root": false,
          "rootEmpty": false,
          "_timeout": 2000
        }
      ],
      "passes": [],
      "failures": [],
      "pending": [],
      "skipped": [],
      "duration": 0,
      "root": true,
      "rootEmpty": true,
      "_timeout": 2000
    }
  ],
  "meta": {
    "mocha": {
      "version": "7.0.1"
    },
    "mochawesome": {
      "options": {
        "quiet": false,
        "reportFilename": "mochawesome",
        "saveHtml": false,
        "saveJson": true,
        "consoleReporter": "spec",
        "useInlineDiffs": false,
        "code": true
      },
      "version": "7.1.3"
    },
    "marge": {
      "options": {
        "overwrite": false,
        "html": false,
        "json": true,
        "reportDir": "cypress/reports/html/.jsons"
      },
      "version": "6.2.0"
    }
  }
}