{
  "stats": {
    "suites": 1,
    "tests": 1,
    "passes": 1,
    "pending": 0,
    "failures": 0,
    "start": "2024-07-17T01:05:21.537Z",
    "end": "2024-07-17T01:05:32.814Z",
    "duration": 11277,
    "testsRegistered": 1,
    "passPercent": 100,
    "pendingPercent": 0,
    "other": 0,
    "hasOther": false,
    "skipped": 0,
    "hasSkipped": false
  },
  "results": [
    {
      "uuid": "f95dfe0a-b3c2-4bf2-980b-6b61973f7b6b",
      "title": "",
      "fullFile": "cypress/e2e/examples/1-FindSecColumn.cy.js",
      "file": "cypress/e2e/examples/1-FindSecColumn.cy.js",
      "beforeHooks": [],
      "afterHooks": [],
      "tests": [],
      "suites": [
        {
          "uuid": "9efb0c4a-85cd-4493-9a0e-3f968882fdb6",
          "title": "My Very First Test",
          "fullFile": "",
          "file": "",
          "beforeHooks": [],
          "afterHooks": [],
          "tests": [
            {
              "title": "My First Test Case",
              "fullTitle": "My Very First Test My First Test Case",
              "timedOut": null,
              "duration": 7880,
              "state": "passed",
              "speed": "medium",
              "pass": true,
              "fail": false,
              "pending": false,
              "context": "{\n  \"title\": \"cypress-mochawesome-reporter-videos-passed\",\n  \"value\": \"cypress/e2e/examples/1-FindSecColumn.cy.js\"\n}",
              "code": "cy.visit(Cypress.env('url_test') + \"/seleniumPractise/#/\");\n//fixture\ncy.get('.search-keyword').type('ca');\ncy.wait(2000);\n//selenium get hit url in browser, cypress acts like findElement of selenium\ncy.get('.product').should('have.length', 5);\ncy.get('.product:visible').should('have.length', 4);\n//parent child chaining\ncy.get('.products').as('productLocator');\ncy.get('@productLocator').find('.product').should('have.length', 4);\ncy.get('@productLocator').find('.product').eq(2).contains('ADD TO CART').click();\n// // This way it shows in the console after other steps are executed.\n// cy.get('@productLocator').find('.product').eq(2).contains('ADD TO CART').click().then(function() {\n//     console.log('Moohoos')\n// })\nconsole.log('Mooshk');\ncy.get('@productLocator').find('.product').each(($el, index, $list) => {\n  const textVeg = $el.find('.product-name').text();\n  if (textVeg.includes('Cashews')) {\n    cy.wrap($el).find('button').click();\n  }\n});\n// assert if logo text is  correctly displayed\ncy.get('.brand').should('have.text', 'GREENKART');\ncy.get('.brand').then(function (logoelement) {\n  cy.log(logoelement.text());\n});\n// cy.log(logo.text())",
              "err": {},
              "uuid": "50787757-c9b9-43f3-a459-7e1cc75169f0",
              "parentUUID": "9efb0c4a-85cd-4493-9a0e-3f968882fdb6",
              "isHook": false,
              "skipped": false
            }
          ],
          "suites": [],
          "passes": [
            "50787757-c9b9-43f3-a459-7e1cc75169f0"
          ],
          "failures": [],
          "pending": [],
          "skipped": [],
          "duration": 7880,
          "root": false,
          "rootEmpty": false,
          "_timeout": 2000
        }
      ],
      "passes": [],
      "failures": [],
      "pending": [],
      "skipped": [],
      "duration": 0,
      "root": true,
      "rootEmpty": true,
      "_timeout": 2000
    }
  ],
  "meta": {
    "mocha": {
      "version": "7.0.1"
    },
    "mochawesome": {
      "options": {
        "quiet": false,
        "reportFilename": "mochawesome",
        "saveHtml": false,
        "saveJson": true,
        "consoleReporter": "spec",
        "useInlineDiffs": false,
        "code": true
      },
      "version": "7.1.3"
    },
    "marge": {
      "options": {
        "overwrite": false,
        "html": false,
        "json": true,
        "reportDir": "cypress/reports/html/.jsons"
      },
      "version": "6.2.0"
    }
  }
}