{
  "stats": {
    "suites": 1,
    "tests": 1,
    "passes": 1,
    "pending": 0,
    "failures": 0,
    "start": "2024-07-17T01:05:40.469Z",
    "end": "2024-07-17T01:05:53.508Z",
    "duration": 13039,
    "testsRegistered": 1,
    "passPercent": 100,
    "pendingPercent": 0,
    "other": 0,
    "hasOther": false,
    "skipped": 0,
    "hasSkipped": false
  },
  "results": [
    {
      "uuid": "83e13448-0c32-42f1-8ceb-52098f4012b6",
      "title": "",
      "fullFile": "cypress/e2e/examples/2-CheckoutToPlaceOrder.cy.js",
      "file": "cypress/e2e/examples/2-CheckoutToPlaceOrder.cy.js",
      "beforeHooks": [],
      "afterHooks": [],
      "tests": [],
      "suites": [
        {
          "uuid": "5baaba3a-500f-4588-8ce6-8c3ad1e1dc28",
          "title": "My Second Test",
          "fullFile": "",
          "file": "",
          "beforeHooks": [],
          "afterHooks": [],
          "tests": [
            {
              "title": "My 2nd Test Case",
              "fullTitle": "My Second Test My 2nd Test Case",
              "timedOut": null,
              "duration": 10080,
              "state": "passed",
              "speed": "slow",
              "pass": true,
              "fail": false,
              "pending": false,
              "context": "{\n  \"title\": \"cypress-mochawesome-reporter-videos-passed\",\n  \"value\": \"cypress/e2e/examples/2-CheckoutToPlaceOrder.cy.js\"\n}",
              "code": "cy.visit(Cypress.env('url_test') + \"/seleniumPractise/#/\");\n//fixture\ncy.get('.search-keyword').type('ca');\ncy.wait(2000);\n//selenium get hit url in browser, cypress acts like findElement of selenium\n//parent child chaining\ncy.get('.products').as('productLocator');\ncy.get('@productLocator').find('.product').each(($el, index, $list) => {\n  const textVeg = $el.find('.product-name').text();\n  if (textVeg.includes('Cashews')) {\n    cy.wrap($el).find('button').click();\n  }\n});\ncy.get('.cart-icon > img').click();\ncy.contains('PROCEED TO CHECKOUT').click();\ncy.wait(2000);\ncy.contains('Place Order').click();",
              "err": {},
              "uuid": "b25bad2b-6190-4677-951c-6b687baf3493",
              "parentUUID": "5baaba3a-500f-4588-8ce6-8c3ad1e1dc28",
              "isHook": false,
              "skipped": false
            }
          ],
          "suites": [],
          "passes": [
            "b25bad2b-6190-4677-951c-6b687baf3493"
          ],
          "failures": [],
          "pending": [],
          "skipped": [],
          "duration": 10080,
          "root": false,
          "rootEmpty": false,
          "_timeout": 2000
        }
      ],
      "passes": [],
      "failures": [],
      "pending": [],
      "skipped": [],
      "duration": 0,
      "root": true,
      "rootEmpty": true,
      "_timeout": 2000
    }
  ],
  "meta": {
    "mocha": {
      "version": "7.0.1"
    },
    "mochawesome": {
      "options": {
        "quiet": false,
        "reportFilename": "mochawesome",
        "saveHtml": false,
        "saveJson": true,
        "consoleReporter": "spec",
        "useInlineDiffs": false,
        "code": true
      },
      "version": "7.1.3"
    },
    "marge": {
      "options": {
        "overwrite": false,
        "html": false,
        "json": true,
        "reportDir": "cypress/reports/html/.jsons"
      },
      "version": "6.2.0"
    }
  }
}