{
  "stats": {
    "suites": 1,
    "tests": 1,
    "passes": 1,
    "pending": 0,
    "failures": 0,
    "start": "2024-07-24T05:59:23.846Z",
    "end": "2024-07-24T05:59:24.333Z",
    "duration": 487,
    "testsRegistered": 1,
    "passPercent": 100,
    "pendingPercent": 0,
    "other": 0,
    "hasOther": false,
    "skipped": 0,
    "hasSkipped": false
  },
  "results": [
    {
      "uuid": "b295e584-d572-43d3-8b80-5f6c935dc7bf",
      "title": "",
      "fullFile": "cypress/e2e/examples/13-JWTSession.cy.js",
      "file": "cypress/e2e/examples/13-JWTSession.cy.js",
      "beforeHooks": [],
      "afterHooks": [],
      "tests": [],
      "suites": [
        {
          "uuid": "2b4a76e5-e796-4c78-abc2-8cbaf867830e",
          "title": "JWT Session",
          "fullFile": "",
          "file": "",
          "beforeHooks": [],
          "afterHooks": [],
          "tests": [
            {
              "title": "Is logged in through local storage",
              "fullTitle": "JWT Session Is logged in through local storage",
              "timedOut": null,
              "duration": 392,
              "state": "passed",
              "speed": "fast",
              "pass": true,
              "fail": false,
              "pending": false,
              "context": "{\n  \"title\": \"cypress-mochawesome-reporter-videos-passed\",\n  \"value\": \"cypress/e2e/examples/13-JWTSession.cy.js\"\n}",
              "code": "var t = this,\n  e = arguments;\nreturn new Promise(function (r, o) {\n  var a = n.apply(t, e);\n  function _next(n) {\n    asyncGeneratorStep(a, r, o, _next, _throw, \"next\", n);\n  }\n  function _throw(n) {\n    asyncGeneratorStep(a, r, o, _next, _throw, \"throw\", n);\n  }\n  _next(void 0);\n});",
              "err": {},
              "uuid": "e114c00b-f2b2-4842-9087-208ed8f1940f",
              "parentUUID": "2b4a76e5-e796-4c78-abc2-8cbaf867830e",
              "isHook": false,
              "skipped": false
            }
          ],
          "suites": [],
          "passes": [
            "e114c00b-f2b2-4842-9087-208ed8f1940f"
          ],
          "failures": [],
          "pending": [],
          "skipped": [],
          "duration": 392,
          "root": false,
          "rootEmpty": false,
          "_timeout": 2000
        }
      ],
      "passes": [],
      "failures": [],
      "pending": [],
      "skipped": [],
      "duration": 0,
      "root": true,
      "rootEmpty": true,
      "_timeout": 2000
    }
  ],
  "meta": {
    "mocha": {
      "version": "7.0.1"
    },
    "mochawesome": {
      "options": {
        "quiet": false,
        "reportFilename": "mochawesome",
        "saveHtml": false,
        "saveJson": true,
        "consoleReporter": "spec",
        "useInlineDiffs": false,
        "code": true
      },
      "version": "7.1.3"
    },
    "marge": {
      "options": {
        "overwrite": false,
        "html": false,
        "json": true,
        "reportDir": "cypress/reports/html/.jsons"
      },
      "version": "6.2.0"
    }
  }
}