{
  "stats": {
    "suites": 1,
    "tests": 1,
    "passes": 1,
    "pending": 0,
    "failures": 0,
    "start": "2024-07-17T01:07:02.384Z",
    "end": "2024-07-17T01:07:15.292Z",
    "duration": 12908,
    "testsRegistered": 1,
    "passPercent": 100,
    "pendingPercent": 0,
    "other": 0,
    "hasOther": false,
    "skipped": 0,
    "hasSkipped": false
  },
  "results": [
    {
      "uuid": "08b57d22-61e2-4561-80b9-6939f93d1906",
      "title": "",
      "fullFile": "cypress/e2e/examples/5-SpecificItemInATable.cy.js",
      "file": "cypress/e2e/examples/5-SpecificItemInATable.cy.js",
      "beforeHooks": [],
      "afterHooks": [],
      "tests": [],
      "suites": [
        {
          "uuid": "8b2199f3-839a-4040-8e63-f25a6888c74b",
          "title": "My Fifth Test",
          "fullFile": "",
          "file": "",
          "beforeHooks": [],
          "afterHooks": [],
          "tests": [
            {
              "title": "My 5th Test Case",
              "fullTitle": "My Fifth Test My 5th Test Case",
              "timedOut": null,
              "duration": 8407,
              "state": "passed",
              "speed": "medium",
              "pass": true,
              "fail": false,
              "pending": false,
              "context": "{\n  \"title\": \"cypress-mochawesome-reporter-videos-passed\",\n  \"value\": \"cypress/e2e/examples/5-SpecificItemInATable.cy.js\"\n}",
              "code": "cy.visit(\"http://qaclickacademy.com/practice.php\");\ncy.get('tr td:nth-child(2)').each(($el, index, $list) => {\n  const text = $el.text();\n  if (text.includes(\"Python\")) {\n    cy.get('tr td:nth-child(2)').eq(index).next().then(function (price) {\n      const priceText = price.text();\n      expect(priceText).to.equal('25');\n    });\n  }\n});",
              "err": {},
              "uuid": "08075b05-3da2-4ecb-bbd0-a794a9ebb358",
              "parentUUID": "8b2199f3-839a-4040-8e63-f25a6888c74b",
              "isHook": false,
              "skipped": false
            }
          ],
          "suites": [],
          "passes": [
            "08075b05-3da2-4ecb-bbd0-a794a9ebb358"
          ],
          "failures": [],
          "pending": [],
          "skipped": [],
          "duration": 8407,
          "root": false,
          "rootEmpty": false,
          "_timeout": 2000
        }
      ],
      "passes": [],
      "failures": [],
      "pending": [],
      "skipped": [],
      "duration": 0,
      "root": true,
      "rootEmpty": true,
      "_timeout": 2000
    }
  ],
  "meta": {
    "mocha": {
      "version": "7.0.1"
    },
    "mochawesome": {
      "options": {
        "quiet": false,
        "reportFilename": "mochawesome",
        "saveHtml": false,
        "saveJson": true,
        "consoleReporter": "spec",
        "useInlineDiffs": false,
        "code": true
      },
      "version": "7.1.3"
    },
    "marge": {
      "options": {
        "overwrite": false,
        "html": false,
        "json": true,
        "reportDir": "cypress/reports/html/.jsons"
      },
      "version": "6.2.0"
    }
  }
}