{
  "stats": {
    "suites": 1,
    "tests": 1,
    "passes": 0,
    "pending": 0,
    "failures": 1,
    "start": "2024-07-17T01:07:39.868Z",
    "end": "2024-07-17T01:08:18.175Z",
    "duration": 38307,
    "testsRegistered": 1,
    "passPercent": 0,
    "pendingPercent": 0,
    "other": 0,
    "hasOther": false,
    "skipped": 0,
    "hasSkipped": false
  },
  "results": [
    {
      "uuid": "37b6cc08-529a-452c-933c-b263e39882e7",
      "title": "",
      "fullFile": "cypress/e2e/examples/7-AccessHrefAttribute.cy.js",
      "file": "cypress/e2e/examples/7-AccessHrefAttribute.cy.js",
      "beforeHooks": [],
      "afterHooks": [],
      "tests": [],
      "suites": [
        {
          "uuid": "fecbf6d7-6e46-4d01-855b-6a763dce42e8",
          "title": "My seventh Test",
          "fullFile": "",
          "file": "",
          "beforeHooks": [],
          "afterHooks": [],
          "tests": [
            {
              "title": "My 7th Test Case",
              "fullTitle": "My seventh Test My 7th Test Case",
              "timedOut": null,
              "duration": 10380,
              "state": "failed",
              "speed": null,
              "pass": false,
              "fail": true,
              "pending": false,
              "context": "[\n  {\n    \"title\": \"cypress-mochawesome-reporter-videos-failed\",\n    \"value\": \"cypress/e2e/examples/7-AccessHrefAttribute.cy.js\"\n  },\n  {\n    \"title\": \"cypress-mochawesome-reporter-screenshots\",\n    \"value\": [\n      [\n        \"/7-AccessHrefAttribute.cy.js/My seventh Test -- My 7th Test Case (failed).png\"\n      ],\n      [\n        \"/7-AccessHrefAttribute.cy.js/My seventh Test -- My 7th Test Case (failed) (attempt 2).png\"\n      ]\n    ]\n  }\n]",
              "code": "cy.visit(Cypress.env('url_test') + \"/AutomationPractice/\");\ncy.get('#opentab').then(function (el) {\n  const url = el.prop('href');\n  cy.visit(url);\n  cy.origin(url, () => {\n    cy.get(\"div.sub-menu-bar a[href*='about']\").click();\n    cy.go('back');\n    cy.go('forward');\n    cy.go('back');\n    cy.go('back');\n  });\n});",
              "err": {
                "message": "TypeError: Cannot read properties of undefined (reading 'history')",
                "estack": "TypeError: Cannot read properties of undefined (reading 'history')\n    at Context.eval (webpack://cypressautomation/./cypress/e2e/examples/7-AccessHrefAttribute.cy.js:14:15)",
                "diff": null
              },
              "uuid": "6065e76d-7b75-4af4-b111-3b4087caa795",
              "parentUUID": "fecbf6d7-6e46-4d01-855b-6a763dce42e8",
              "isHook": false,
              "skipped": false
            }
          ],
          "suites": [],
          "passes": [],
          "failures": [
            "6065e76d-7b75-4af4-b111-3b4087caa795"
          ],
          "pending": [],
          "skipped": [],
          "duration": 10380,
          "root": false,
          "rootEmpty": false,
          "_timeout": 2000
        }
      ],
      "passes": [],
      "failures": [],
      "pending": [],
      "skipped": [],
      "duration": 0,
      "root": true,
      "rootEmpty": true,
      "_timeout": 2000
    }
  ],
  "meta": {
    "mocha": {
      "version": "7.0.1"
    },
    "mochawesome": {
      "options": {
        "quiet": false,
        "reportFilename": "mochawesome",
        "saveHtml": false,
        "saveJson": true,
        "consoleReporter": "spec",
        "useInlineDiffs": false,
        "code": true
      },
      "version": "7.1.3"
    },
    "marge": {
      "options": {
        "overwrite": false,
        "html": false,
        "json": true,
        "reportDir": "cypress/reports/html/.jsons"
      },
      "version": "6.2.0"
    }
  }
}