{
  "stats": {
    "suites": 1,
    "tests": 1,
    "passes": 1,
    "pending": 0,
    "failures": 0,
    "start": "2024-07-17T01:06:20.870Z",
    "end": "2024-07-17T01:06:49.894Z",
    "duration": 29024,
    "testsRegistered": 1,
    "passPercent": 100,
    "pendingPercent": 0,
    "other": 0,
    "hasOther": false,
    "skipped": 0,
    "hasSkipped": false
  },
  "results": [
    {
      "uuid": "02a22ae2-74f8-40e4-9f88-4d35987fe6a2",
      "title": "",
      "fullFile": "cypress/e2e/examples/4-AlertPopUps.cy.js",
      "file": "cypress/e2e/examples/4-AlertPopUps.cy.js",
      "beforeHooks": [],
      "afterHooks": [],
      "tests": [],
      "suites": [
        {
          "uuid": "cb19c7aa-1afc-4994-8c7f-fa5a0490a2e6",
          "title": "My Fourth Test",
          "fullFile": "",
          "file": "",
          "beforeHooks": [],
          "afterHooks": [],
          "tests": [
            {
              "title": "My 4th Test Case",
              "fullTitle": "My Fourth Test My 4th Test Case",
              "timedOut": null,
              "duration": 23460,
              "state": "passed",
              "speed": "slow",
              "pass": true,
              "fail": false,
              "pending": false,
              "context": "{\n  \"title\": \"cypress-mochawesome-reporter-videos-passed\",\n  \"value\": \"cypress/e2e/examples/4-AlertPopUps.cy.js\"\n}",
              "code": "cy.visit(\"http://qaclickacademy.com/practice.php\");\n// Alert and Popup\ncy.get('#alertbtn').click();\ncy.get('[value=\"Confirm\"]').click();\n// Window:alert\ncy.on('window:alert', str => {\n  //Mocha\n  expect(str).to.equal('Hello , share this practice page and share your knowledge');\n});\ncy.on('window:confirm', str => {\n  //Mocha\n  expect(str).to.equal('Hello , Are you sure you want to confirm?');\n});\n// cy.get('#opentab').invoke('removeAttr', 'target').click()\n// cy.url().should('include', 'qaclickacademy')\n// cy.go('back')\ncy.get('#opentab').invoke('removeAttr', 'target').click();\ncy.origin('https://www.qaclickacademy.com/', () => {\n  cy.url().should('include', 'qaclickacademy');\n  cy.go('back');\n});",
              "err": {},
              "uuid": "fb1fe47d-f349-437e-8aba-2dc3eb16140a",
              "parentUUID": "cb19c7aa-1afc-4994-8c7f-fa5a0490a2e6",
              "isHook": false,
              "skipped": false
            }
          ],
          "suites": [],
          "passes": [
            "fb1fe47d-f349-437e-8aba-2dc3eb16140a"
          ],
          "failures": [],
          "pending": [],
          "skipped": [],
          "duration": 23460,
          "root": false,
          "rootEmpty": false,
          "_timeout": 2000
        }
      ],
      "passes": [],
      "failures": [],
      "pending": [],
      "skipped": [],
      "duration": 0,
      "root": true,
      "rootEmpty": true,
      "_timeout": 2000
    }
  ],
  "meta": {
    "mocha": {
      "version": "7.0.1"
    },
    "mochawesome": {
      "options": {
        "quiet": false,
        "reportFilename": "mochawesome",
        "saveHtml": false,
        "saveJson": true,
        "consoleReporter": "spec",
        "useInlineDiffs": false,
        "code": true
      },
      "version": "7.1.3"
    },
    "marge": {
      "options": {
        "overwrite": false,
        "html": false,
        "json": true,
        "reportDir": "cypress/reports/html/.jsons"
      },
      "version": "6.2.0"
    }
  }
}