{
  "stats": {
    "suites": 1,
    "tests": 1,
    "passes": 1,
    "pending": 0,
    "failures": 0,
    "start": "2024-07-17T01:06:01.022Z",
    "end": "2024-07-17T01:06:13.278Z",
    "duration": 12256,
    "testsRegistered": 1,
    "passPercent": 100,
    "pendingPercent": 0,
    "other": 0,
    "hasOther": false,
    "skipped": 0,
    "hasSkipped": false
  },
  "results": [
    {
      "uuid": "8f4642cc-b3b0-40bb-a872-4efec02cc055",
      "title": "",
      "fullFile": "cypress/e2e/examples/3-CheckboxDdlsAutoCompleteRadio.cy.js",
      "file": "cypress/e2e/examples/3-CheckboxDdlsAutoCompleteRadio.cy.js",
      "beforeHooks": [],
      "afterHooks": [],
      "tests": [],
      "suites": [
        {
          "uuid": "5e108032-5adc-4886-8d2c-ceec35a54318",
          "title": "My Third Test",
          "fullFile": "",
          "file": "",
          "beforeHooks": [],
          "afterHooks": [],
          "tests": [
            {
              "title": "My 3rd Test Case",
              "fullTitle": "My Third Test My 3rd Test Case",
              "timedOut": null,
              "duration": 9339,
              "state": "passed",
              "speed": "medium",
              "pass": true,
              "fail": false,
              "pending": false,
              "context": "{\n  \"title\": \"cypress-mochawesome-reporter-videos-passed\",\n  \"value\": \"cypress/e2e/examples/3-CheckboxDdlsAutoCompleteRadio.cy.js\"\n}",
              "code": "cy.visit(Cypress.env('url_test') + \"/AutomationPractice/\");\n// Test Checkboxes\ncy.get('#checkBoxOption1').check().should('be.checked').and('have.value', 'option1');\ncy.get('#checkBoxOption1').uncheck().should('not.be.checked');\ncy.get('input[type=\"checkbox\"]').check(['option2', 'option3']);\n// Static Dropdown\ncy.get('select').select('option2').should('have.value', 'option2');\n// Dynamic Dropdown\ncy.get('#autocomplete').type('ind');\ncy.get('.ui-menu-item div').each(($el, index, $list) => {\n  if ($el.text() === 'India') {\n    cy.wrap($el).click();\n  }\n});\n// Autocomplete\ncy.get('#autocomplete').should('have.value', 'India');\ncy.get('#displayed-text').should('be.visible');\ncy.get('#hide-textbox').click();\ncy.get('#displayed-text').should('not.be.visible');\ncy.get('#show-textbox').click();\ncy.get('#displayed-text').should('be.visible');\n// Radio buttons\ncy.get('[value=\"radio2\"]').check().should('be.checked');",
              "err": {},
              "uuid": "2cb1f511-27ba-42d2-a7bc-f5d91867c5e6",
              "parentUUID": "5e108032-5adc-4886-8d2c-ceec35a54318",
              "isHook": false,
              "skipped": false
            }
          ],
          "suites": [],
          "passes": [
            "2cb1f511-27ba-42d2-a7bc-f5d91867c5e6"
          ],
          "failures": [],
          "pending": [],
          "skipped": [],
          "duration": 9339,
          "root": false,
          "rootEmpty": false,
          "_timeout": 2000
        }
      ],
      "passes": [],
      "failures": [],
      "pending": [],
      "skipped": [],
      "duration": 0,
      "root": true,
      "rootEmpty": true,
      "_timeout": 2000
    }
  ],
  "meta": {
    "mocha": {
      "version": "7.0.1"
    },
    "mochawesome": {
      "options": {
        "quiet": false,
        "reportFilename": "mochawesome",
        "saveHtml": false,
        "saveJson": true,
        "consoleReporter": "spec",
        "useInlineDiffs": false,
        "code": true
      },
      "version": "7.1.3"
    },
    "marge": {
      "options": {
        "overwrite": false,
        "html": false,
        "json": true,
        "reportDir": "cypress/reports/html/.jsons"
      },
      "version": "6.2.0"
    }
  }
}